[0;34m════════════════════════════════════════════════════════════════[0m
[0;34m                    Daily System Health Check                     [0m
[0;34m                    2025-09-26 12:30:03                  [0m
[0;34m════════════════════════════════════════════════════════════════[0m

[1;33m▶ Running Policy Compliance Check...[0m
[0;32m✓ Compliance Score: 96.7%[0m

[1;33m▶ Checking System Resources...[0m
[0;32m✓ CPU Usage: 5.39%[0m
[0;32m✓ Memory Usage: 50.0% (17972.6MB / 33476.9MB)[0m
[0;32m✓ Disk Usage: 2%[0m

[1;33m▶ Checking Core Services...[0m
[0;32m✓ Homebrew: 4.6.13[0m
[0;32m✓ Mise: 2025.9.18[0m
[0;32m✓ Docker: 28.3.3 (running)[0m
[1;33m⚠ Chezmoi: 2 files changed[0m

[1;33m▶ Checking Inbox...[0m
[1;33m⚠ Inbox: 610 items pending[0m

[1;33m▶ Checking for Updates...[0m
[1;33m⚠ Homebrew: 1 packages outdated[0m
[0;32m✓ Mise: All tools up to date[0m

[1;33m▶ Generating Daily Report...[0m
[0;32m✓ Report saved to: /Users/verlyn13/Development/personal/system-setup-update/DAILY-REPORT.md[0m

[0;34m════════════════════════════════════════════════════════════════[0m
[0;34m                          Check Complete                          [0m
[0;34m════════════════════════════════════════════════════════════════[0m
